file:///workspaces/TIME-API/keepalive.js:1
const http = require('http');
             ^

ReferenceError: require is not defined in ES module scope, you can use import instead
This file is being treated as an ES module because it has a '.js' file extension and '/workspaces/TIME-API/package.json' contains "type": "module". To treat it as a CommonJS script, rename it to use the '.cjs' file extension.
    at file:///workspaces/TIME-API/keepalive.js:1:14
    at ModuleJob.run (internal/modules/esm/module_job.js:183:25)
    at async Loader.import (internal/modules/esm/loader.js:178:24)
    at async Object.loadESM (internal/process/esm_loader.js:68:5)
    at async handleMainPromise (internal/modules/run_main.js:59:12)
file:///workspaces/TIME-API/keepalive.js:1
const http = require('http');
             ^

ReferenceError: require is not defined in ES module scope, you can use import instead
This file is being treated as an ES module because it has a '.js' file extension and '/workspaces/TIME-API/package.json' contains "type": "module". To treat it as a CommonJS script, rename it to use the '.cjs' file extension.
    at file:///workspaces/TIME-API/keepalive.js:1:14
    at ModuleJob.run (internal/modules/esm/module_job.js:183:25)
    at async Loader.import (internal/modules/esm/loader.js:178:24)
    at async Object.loadESM (internal/process/esm_loader.js:68:5)
    at async handleMainPromise (internal/modules/run_main.js:59:12)
file:///workspaces/TIME-API/keepalive.js:1
const http = require('http');
             ^

ReferenceError: require is not defined in ES module scope, you can use import instead
This file is being treated as an ES module because it has a '.js' file extension and '/workspaces/TIME-API/package.json' contains "type": "module". To treat it as a CommonJS script, rename it to use the '.cjs' file extension.
    at file:///workspaces/TIME-API/keepalive.js:1:14
    at ModuleJob.run (internal/modules/esm/module_job.js:183:25)
    at async Loader.import (internal/modules/esm/loader.js:178:24)
    at async Object.loadESM (internal/process/esm_loader.js:68:5)
    at async handleMainPromise (internal/modules/run_main.js:59:12)
